<?xml version="1.0" encoding="UTF-8"?>
<testng-results ignored="0" total="1" passed="1" failed="0" skipped="0">
  <reporter-output>
  </reporter-output>
  <suite started-at="2023-06-28T14:36:07 IST" name="Parallel Testing Suite" finished-at="2023-06-28T14:36:16 IST" duration-ms="9223">
    <groups>
    </groups>
    <test started-at="2023-06-28T14:36:07 IST" name="Parallel Tests1" finished-at="2023-06-28T14:36:16 IST" duration-ms="9223">
      <class name="com.automationTraining.myFirstTest">
        <test-method signature="testcase01()[pri:0, instance:com.automationTraining.myFirstTest@55a561cf]" started-at="2023-06-28T14:36:07 IST" name="testcase01" finished-at="2023-06-28T14:36:16 IST" duration-ms="9182" status="PASS">
          <reporter-output>
          </reporter-output>
        </test-method> <!-- testcase01 -->
      </class> <!-- com.automationTraining.myFirstTest -->
    </test> <!-- Parallel Tests1 -->
  </suite> <!-- Parallel Testing Suite -->
</testng-results>
